#! /c/Source/iverilog-install/bin/vvp
:ivl_version "12.0 (devel)" "(s20150603-1539-g2693dd32b)";
:ivl_delay_selection "TYPICAL";
:vpi_time_precision - 9;
:vpi_module "C:\iverilog\lib\ivl\system.vpi";
:vpi_module "C:\iverilog\lib\ivl\vhdl_sys.vpi";
:vpi_module "C:\iverilog\lib\ivl\vhdl_textio.vpi";
:vpi_module "C:\iverilog\lib\ivl\v2005_math.vpi";
:vpi_module "C:\iverilog\lib\ivl\va_math.vpi";
S_000001648b1ee770 .scope module, "tb" "tb" 2 3;
 .timescale -9 -9;
v000001648b2d0eb0_0 .net "c", 11 0, L_000001648b3332a0;  1 drivers
v000001648b2cfb50_0 .var "op1", 11 0;
v000001648b2d0730_0 .var "op2", 11 0;
S_000001648b158c60 .scope module, "f1" "fp_adder" 2 7, 3 5 0, S_000001648b1ee770;
 .timescale -9 -9;
    .port_info 0 /INPUT 12 "X";
    .port_info 1 /INPUT 12 "Y";
    .port_info 2 /OUTPUT 12 "Z";
L_000001648b32dc50 .functor BUFZ 4, L_000001648b32e2e0, C4<0000>, C4<0000>, C4<0000>;
L_000001648b32e190 .functor BUFZ 7, L_000001648b328cb0, C4<0000000>, C4<0000000>, C4<0000000>;
v000001648b2ce110_0 .net "K", 3 0, L_000001648b31b780;  1 drivers
v000001648b2ce750_0 .net "P", 7 0, L_000001648b2d07d0;  1 drivers
v000001648b2ce6b0_0 .net "Q", 7 0, L_000001648b3260f0;  1 drivers
v000001648b2ce7f0_0 .net "Q_temp", 7 0, L_000001648b2cffb0;  1 drivers
v000001648b2ce890_0 .net "SM", 8 0, L_000001648b31fb00;  1 drivers
v000001648b2d00f0_0 .net "X", 11 0, v000001648b2cfb50_0;  1 drivers
v000001648b2d0870_0 .net "XE", 3 0, L_000001648b2cfbf0;  1 drivers
v000001648b2cfab0_0 .net "Y", 11 0, v000001648b2d0730_0;  1 drivers
v000001648b2d0410_0 .net "YE", 3 0, L_000001648b2d0690;  1 drivers
v000001648b2d0910_0 .net "Z", 11 0, L_000001648b3332a0;  alias, 1 drivers
v000001648b2d0190_0 .net "ZE", 3 0, L_000001648b32e2e0;  1 drivers
v000001648b2d0e10_0 .net "ZM", 6 0, L_000001648b328cb0;  1 drivers
v000001648b2d0cd0_0 .net *"_ivl_12", 6 0, L_000001648b2d04b0;  1 drivers
L_000001648b2d10d0 .functor BUFT 1, C4<1>, C4<0>, C4<0>, C4<0>;
v000001648b2cf970_0 .net/2u *"_ivl_15", 0 0, L_000001648b2d10d0;  1 drivers
v000001648b2d0d70_0 .net *"_ivl_21", 6 0, L_000001648b2d0b90;  1 drivers
L_000001648b2d14c0 .functor BUFT 1, C4<0>, C4<0>, C4<0>, C4<0>;
v000001648b2cfa10_0 .net/2u *"_ivl_34", 0 0, L_000001648b2d14c0;  1 drivers
v000001648b2d02d0_0 .net *"_ivl_39", 3 0, L_000001648b32dc50;  1 drivers
v000001648b2cf8d0_0 .net *"_ivl_44", 6 0, L_000001648b32e190;  1 drivers
L_000001648b2d1088 .functor BUFT 1, C4<1>, C4<0>, C4<0>, C4<0>;
v000001648b2d0550_0 .net/2u *"_ivl_6", 0 0, L_000001648b2d1088;  1 drivers
L_000001648b2cfbf0 .part v000001648b2cfb50_0, 7, 4;
L_000001648b2d0690 .part v000001648b2d0730_0, 7, 4;
L_000001648b2d07d0 .concat8 [ 7 1 0 0], L_000001648b2d04b0, L_000001648b2d1088;
L_000001648b2d04b0 .part v000001648b2cfb50_0, 0, 7;
L_000001648b2cffb0 .concat8 [ 7 1 0 0], L_000001648b2d0b90, L_000001648b2d10d0;
L_000001648b2d0b90 .part v000001648b2d0730_0, 0, 7;
L_000001648b320460 .part L_000001648b31fb00, 1, 7;
L_000001648b321040 .part L_000001648b31fb00, 0, 7;
L_000001648b3210e0 .part L_000001648b31fb00, 8, 1;
L_000001648b3324e0 .part L_000001648b31fb00, 8, 1;
L_000001648b3332a0 .concat8 [ 7 4 1 0], L_000001648b32e190, L_000001648b32dc50, L_000001648b2d14c0;
S_000001648b158df0 .scope module, "adder1" "bit_add_8" 3 26, 4 3 0, S_000001648b158c60;
 .timescale -9 -9;
    .port_info 0 /INPUT 8 "A";
    .port_info 1 /INPUT 8 "B";
    .port_info 2 /INPUT 1 "Ci";
    .port_info 3 /OUTPUT 9 "sum";
L_000001648b328e70 .functor BUF 1, L_000001648b328b60, C4<0>, C4<0>, C4<0>;
v000001648b2c1c70_0 .net "A", 7 0, L_000001648b2d07d0;  alias, 1 drivers
v000001648b2c1950_0 .net "B", 7 0, L_000001648b3260f0;  alias, 1 drivers
L_000001648b2d13e8 .functor BUFT 1, C4<0>, C4<0>, C4<0>, C4<0>;
v000001648b2c1630_0 .net "Ci", 0 0, L_000001648b2d13e8;  1 drivers
v000001648b2c18b0_0 .net *"_ivl_14", 0 0, L_000001648b328e70;  1 drivers
v000001648b2c1310_0 .net "c1", 0 0, L_000001648b326240;  1 drivers
v000001648b2c1d10_0 .net "c2", 0 0, L_000001648b328b60;  1 drivers
v000001648b2c0870_0 .net "cp1", 0 0, L_000001648b319b60;  1 drivers
v000001648b2c11d0_0 .net "cp2", 0 0, L_000001648b328c40;  1 drivers
v000001648b2c1270_0 .net "sum", 8 0, L_000001648b31fb00;  alias, 1 drivers
L_000001648b31fce0 .part L_000001648b2d07d0, 0, 4;
L_000001648b321360 .part L_000001648b3260f0, 0, 4;
L_000001648b320960 .part L_000001648b2d07d0, 4, 4;
L_000001648b320140 .part L_000001648b3260f0, 4, 4;
L_000001648b31fb00 .concat8 [ 4 4 1 0], L_000001648b31f560, L_000001648b31fba0, L_000001648b328e70;
S_000001648b185f70 .scope module, "cl1" "CLA4" 4 11, 5 3 0, S_000001648b158df0;
 .timescale -9 -9;
    .port_info 0 /INPUT 4 "A";
    .port_info 1 /INPUT 4 "B";
    .port_info 2 /INPUT 1 "Ci";
    .port_info 3 /OUTPUT 4 "sum";
    .port_info 4 /OUTPUT 1 "Co";
    .port_info 5 /OUTPUT 1 "Cp";
L_000001648b325ec0 .functor AND 1, L_000001648b31e340, L_000001648b31d580, C4<1>, C4<1>;
L_000001648b325d00 .functor AND 1, L_000001648b31ef20, L_000001648b31d1c0, C4<1>, C4<1>;
L_000001648b325d70 .functor AND 1, L_000001648b31e0c0, L_000001648b31de40, C4<1>, C4<1>;
L_000001648b325670 .functor AND 1, L_000001648b31eca0, L_000001648b31d3a0, C4<1>, C4<1>;
L_000001648b325f30 .functor XOR 1, L_000001648b31efc0, L_000001648b31e700, C4<0>, C4<0>;
L_000001648b325de0 .functor XOR 1, L_000001648b31ee80, L_000001648b31d4e0, C4<0>, C4<0>;
L_000001648b325a60 .functor XOR 1, L_000001648b31cd60, L_000001648b31dee0, C4<0>, C4<0>;
L_000001648b326010 .functor XOR 1, L_000001648b31d6c0, L_000001648b31f060, C4<0>, C4<0>;
L_000001648b2d13a0 .functor BUFT 1, C4<0>, C4<0>, C4<0>, C4<0>;
L_000001648b326080 .functor BUF 1, L_000001648b2d13a0, C4<0>, C4<0>, C4<0>;
L_000001648b325520 .functor AND 1, L_000001648b31ca40, L_000001648b31dc60, C4<1>, C4<1>;
L_000001648b3256e0 .functor OR 1, L_000001648b31d800, L_000001648b31d260, C4<0>, C4<0>;
L_000001648b3257c0 .functor AND 1, L_000001648b31d080, L_000001648b31df80, C4<1>, C4<1>;
L_000001648b3261d0 .functor OR 1, L_000001648b31d440, L_000001648b31ce00, C4<0>, C4<0>;
L_000001648b325750 .functor AND 1, L_000001648b31cae0, L_000001648b31e480, C4<1>, C4<1>;
L_000001648b326160 .functor OR 1, L_000001648b31e020, L_000001648b31cc20, C4<0>, C4<0>;
L_000001648b3259f0 .functor AND 1, L_000001648b31cea0, L_000001648b31e5c0, C4<1>, C4<1>;
L_000001648b326240 .functor OR 1, L_000001648b31e660, L_000001648b31e8e0, C4<0>, C4<0>;
L_000001648b319b60 .functor BUF 1, L_000001648b31cf40, C4<0>, C4<0>, C4<0>;
L_000001648b3293b0 .functor XOR 1, L_000001648b31e980, L_000001648b320500, C4<0>, C4<0>;
L_000001648b3290a0 .functor XOR 1, L_000001648b31d120, L_000001648b31ff60, C4<0>, C4<0>;
L_000001648b328d90 .functor XOR 1, L_000001648b3205a0, L_000001648b3214a0, C4<0>, C4<0>;
L_000001648b3288c0 .functor XOR 1, L_000001648b320780, L_000001648b31fc40, C4<0>, C4<0>;
v000001648b1e23d0_0 .net "A", 3 0, L_000001648b31fce0;  1 drivers
v000001648b1e2470_0 .net "B", 3 0, L_000001648b321360;  1 drivers
v000001648b1e1390_0 .net "Ci", 0 0, L_000001648b2d13a0;  1 drivers
v000001648b1e0b70_0 .net "Co", 0 0, L_000001648b326240;  alias, 1 drivers
v000001648b1e21f0_0 .net "Cp", 0 0, L_000001648b319b60;  alias, 1 drivers
v000001648b1e0d50_0 .net "G", 3 0, L_000001648b31e520;  1 drivers
v000001648b1e1bb0_0 .net "P", 3 0, L_000001648b31e840;  1 drivers
v000001648b1e1cf0_0 .net *"_ivl_1", 0 0, L_000001648b325ec0;  1 drivers
v000001648b1e0cb0_0 .net *"_ivl_101", 0 0, L_000001648b31e020;  1 drivers
v000001648b1e0df0_0 .net *"_ivl_103", 0 0, L_000001648b31cc20;  1 drivers
v000001648b1e05d0_0 .net *"_ivl_105", 0 0, L_000001648b3259f0;  1 drivers
v000001648b1e1930_0 .net *"_ivl_109", 0 0, L_000001648b31cea0;  1 drivers
v000001648b1e1070_0 .net *"_ivl_11", 0 0, L_000001648b31ef20;  1 drivers
v000001648b1e20b0_0 .net *"_ivl_111", 0 0, L_000001648b31e5c0;  1 drivers
v000001648b1e1250_0 .net *"_ivl_114", 0 0, L_000001648b31e660;  1 drivers
v000001648b1e1d90_0 .net *"_ivl_116", 0 0, L_000001648b31e8e0;  1 drivers
v000001648b1e1750_0 .net *"_ivl_119", 0 0, L_000001648b31cf40;  1 drivers
v000001648b1e19d0_0 .net *"_ivl_121", 0 0, L_000001648b3293b0;  1 drivers
v000001648b1e17f0_0 .net *"_ivl_124", 0 0, L_000001648b31e980;  1 drivers
v000001648b1e1c50_0 .net *"_ivl_126", 0 0, L_000001648b320500;  1 drivers
v000001648b1e1a70_0 .net *"_ivl_128", 0 0, L_000001648b3290a0;  1 drivers
v000001648b1e1b10_0 .net *"_ivl_13", 0 0, L_000001648b31d1c0;  1 drivers
v000001648b1e1f70_0 .net *"_ivl_131", 0 0, L_000001648b31d120;  1 drivers
v000001648b1e2010_0 .net *"_ivl_133", 0 0, L_000001648b31ff60;  1 drivers
v000001648b1e2150_0 .net *"_ivl_135", 0 0, L_000001648b328d90;  1 drivers
v000001648b1fd5b0_0 .net *"_ivl_138", 0 0, L_000001648b3205a0;  1 drivers
v000001648b1fce30_0 .net *"_ivl_140", 0 0, L_000001648b3214a0;  1 drivers
v000001648b1fdb50_0 .net *"_ivl_142", 0 0, L_000001648b3288c0;  1 drivers
v000001648b1fda10_0 .net *"_ivl_146", 0 0, L_000001648b320780;  1 drivers
v000001648b1fdbf0_0 .net *"_ivl_148", 0 0, L_000001648b31fc40;  1 drivers
v000001648b1fd8d0_0 .net *"_ivl_15", 0 0, L_000001648b325d70;  1 drivers
v000001648b1fced0_0 .net *"_ivl_18", 0 0, L_000001648b31e0c0;  1 drivers
v000001648b1fdc90_0 .net *"_ivl_20", 0 0, L_000001648b31de40;  1 drivers
v000001648b1fd650_0 .net *"_ivl_22", 0 0, L_000001648b325670;  1 drivers
v000001648b1fe370_0 .net *"_ivl_26", 0 0, L_000001648b31eca0;  1 drivers
v000001648b1fd6f0_0 .net *"_ivl_28", 0 0, L_000001648b31d3a0;  1 drivers
v000001648b1fdd30_0 .net *"_ivl_30", 0 0, L_000001648b325f30;  1 drivers
v000001648b1fd970_0 .net *"_ivl_33", 0 0, L_000001648b31efc0;  1 drivers
v000001648b1fcf70_0 .net *"_ivl_35", 0 0, L_000001648b31e700;  1 drivers
v000001648b1fddd0_0 .net *"_ivl_37", 0 0, L_000001648b325de0;  1 drivers
v000001648b1fe4b0_0 .net *"_ivl_4", 0 0, L_000001648b31e340;  1 drivers
v000001648b1fde70_0 .net *"_ivl_40", 0 0, L_000001648b31ee80;  1 drivers
v000001648b1fe230_0 .net *"_ivl_42", 0 0, L_000001648b31d4e0;  1 drivers
v000001648b1fd470_0 .net *"_ivl_44", 0 0, L_000001648b325a60;  1 drivers
v000001648b1fe690_0 .net *"_ivl_47", 0 0, L_000001648b31cd60;  1 drivers
v000001648b1fdab0_0 .net *"_ivl_49", 0 0, L_000001648b31dee0;  1 drivers
v000001648b1fe7d0_0 .net *"_ivl_51", 0 0, L_000001648b326010;  1 drivers
v000001648b1fd1f0_0 .net *"_ivl_55", 0 0, L_000001648b31d6c0;  1 drivers
v000001648b1fe870_0 .net *"_ivl_57", 0 0, L_000001648b31f060;  1 drivers
v000001648b1fe5f0_0 .net *"_ivl_59", 0 0, L_000001648b326080;  1 drivers
v000001648b1fe730_0 .net *"_ivl_6", 0 0, L_000001648b31d580;  1 drivers
v000001648b1fe0f0_0 .net *"_ivl_62", 0 0, L_000001648b325520;  1 drivers
v000001648b1fcd90_0 .net *"_ivl_65", 0 0, L_000001648b31ca40;  1 drivers
v000001648b1fe910_0 .net *"_ivl_67", 0 0, L_000001648b31dc60;  1 drivers
v000001648b1fdfb0_0 .net *"_ivl_69", 0 0, L_000001648b3256e0;  1 drivers
v000001648b1fe9b0_0 .net *"_ivl_72", 0 0, L_000001648b31d800;  1 drivers
v000001648b1fdf10_0 .net *"_ivl_74", 0 0, L_000001648b31d260;  1 drivers
v000001648b1fea50_0 .net *"_ivl_76", 0 0, L_000001648b3257c0;  1 drivers
v000001648b1fd290_0 .net *"_ivl_79", 0 0, L_000001648b31d080;  1 drivers
v000001648b1fe2d0_0 .net *"_ivl_8", 0 0, L_000001648b325d00;  1 drivers
v000001648b1fd330_0 .net *"_ivl_81", 0 0, L_000001648b31df80;  1 drivers
v000001648b1fd3d0_0 .net *"_ivl_83", 0 0, L_000001648b3261d0;  1 drivers
v000001648b1fccf0_0 .net *"_ivl_86", 0 0, L_000001648b31d440;  1 drivers
v000001648b1fe050_0 .net *"_ivl_88", 0 0, L_000001648b31ce00;  1 drivers
v000001648b1fd150_0 .net *"_ivl_90", 0 0, L_000001648b325750;  1 drivers
v000001648b1fcbb0_0 .net *"_ivl_93", 0 0, L_000001648b31cae0;  1 drivers
v000001648b1fd010_0 .net *"_ivl_95", 0 0, L_000001648b31e480;  1 drivers
v000001648b1fcc50_0 .net *"_ivl_97", 0 0, L_000001648b326160;  1 drivers
v000001648b1fd0b0_0 .net "carry", 3 0, L_000001648b31d760;  1 drivers
v000001648b1fe190_0 .net "sum", 3 0, L_000001648b31f560;  1 drivers
v000001648b1fd510_0 .net "temp", 3 0, L_000001648b31ea20;  1 drivers
L_000001648b31e340 .part L_000001648b31fce0, 0, 1;
L_000001648b31d580 .part L_000001648b321360, 0, 1;
L_000001648b31ef20 .part L_000001648b31fce0, 1, 1;
L_000001648b31d1c0 .part L_000001648b321360, 1, 1;
L_000001648b31e0c0 .part L_000001648b31fce0, 2, 1;
L_000001648b31de40 .part L_000001648b321360, 2, 1;
L_000001648b31e520 .concat8 [ 1 1 1 1], L_000001648b325ec0, L_000001648b325d00, L_000001648b325d70, L_000001648b325670;
L_000001648b31eca0 .part L_000001648b31fce0, 3, 1;
L_000001648b31d3a0 .part L_000001648b321360, 3, 1;
L_000001648b31efc0 .part L_000001648b31fce0, 0, 1;
L_000001648b31e700 .part L_000001648b321360, 0, 1;
L_000001648b31ee80 .part L_000001648b31fce0, 1, 1;
L_000001648b31d4e0 .part L_000001648b321360, 1, 1;
L_000001648b31cd60 .part L_000001648b31fce0, 2, 1;
L_000001648b31dee0 .part L_000001648b321360, 2, 1;
L_000001648b31e840 .concat8 [ 1 1 1 1], L_000001648b325f30, L_000001648b325de0, L_000001648b325a60, L_000001648b326010;
L_000001648b31d6c0 .part L_000001648b31fce0, 3, 1;
L_000001648b31f060 .part L_000001648b321360, 3, 1;
L_000001648b31ca40 .part L_000001648b31e840, 0, 1;
L_000001648b31dc60 .part L_000001648b31d760, 0, 1;
L_000001648b31d800 .part L_000001648b31e520, 0, 1;
L_000001648b31d260 .part L_000001648b31ea20, 0, 1;
L_000001648b31d080 .part L_000001648b31e840, 1, 1;
L_000001648b31df80 .part L_000001648b31d760, 1, 1;
L_000001648b31d440 .part L_000001648b31e520, 1, 1;
L_000001648b31ce00 .part L_000001648b31ea20, 1, 1;
L_000001648b31cae0 .part L_000001648b31e840, 2, 1;
L_000001648b31e480 .part L_000001648b31d760, 2, 1;
L_000001648b31d760 .concat8 [ 1 1 1 1], L_000001648b326080, L_000001648b3256e0, L_000001648b3261d0, L_000001648b326160;
L_000001648b31e020 .part L_000001648b31e520, 2, 1;
L_000001648b31cc20 .part L_000001648b31ea20, 2, 1;
L_000001648b31ea20 .concat8 [ 1 1 1 1], L_000001648b325520, L_000001648b3257c0, L_000001648b325750, L_000001648b3259f0;
L_000001648b31cea0 .part L_000001648b31e840, 3, 1;
L_000001648b31e5c0 .part L_000001648b31d760, 3, 1;
L_000001648b31e660 .part L_000001648b31e520, 3, 1;
L_000001648b31e8e0 .part L_000001648b31ea20, 3, 1;
L_000001648b31cf40 .part L_000001648b31d760, 3, 1;
L_000001648b31e980 .part L_000001648b31e840, 0, 1;
L_000001648b320500 .part L_000001648b31d760, 0, 1;
L_000001648b31d120 .part L_000001648b31e840, 1, 1;
L_000001648b31ff60 .part L_000001648b31d760, 1, 1;
L_000001648b3205a0 .part L_000001648b31e840, 2, 1;
L_000001648b3214a0 .part L_000001648b31d760, 2, 1;
L_000001648b31f560 .concat8 [ 1 1 1 1], L_000001648b3293b0, L_000001648b3290a0, L_000001648b328d90, L_000001648b3288c0;
L_000001648b320780 .part L_000001648b31e840, 3, 1;
L_000001648b31fc40 .part L_000001648b31d760, 3, 1;
S_000001648b186100 .scope module, "cl2" "CLA4" 4 12, 5 3 0, S_000001648b158df0;
 .timescale -9 -9;
    .port_info 0 /INPUT 4 "A";
    .port_info 1 /INPUT 4 "B";
    .port_info 2 /INPUT 1 "Ci";
    .port_info 3 /OUTPUT 4 "sum";
    .port_info 4 /OUTPUT 1 "Co";
    .port_info 5 /OUTPUT 1 "Cp";
L_000001648b3289a0 .functor AND 1, L_000001648b31f4c0, L_000001648b321680, C4<1>, C4<1>;
L_000001648b328770 .functor AND 1, L_000001648b320be0, L_000001648b31f7e0, C4<1>, C4<1>;
L_000001648b3285b0 .functor AND 1, L_000001648b31f2e0, L_000001648b320280, C4<1>, C4<1>;
L_000001648b328d20 .functor AND 1, L_000001648b3206e0, L_000001648b31f100, C4<1>, C4<1>;
L_000001648b3292d0 .functor XOR 1, L_000001648b3212c0, L_000001648b31f880, C4<0>, C4<0>;
L_000001648b329340 .functor XOR 1, L_000001648b3215e0, L_000001648b31f6a0, C4<0>, C4<0>;
L_000001648b328e00 .functor XOR 1, L_000001648b321220, L_000001648b31fe20, C4<0>, C4<0>;
L_000001648b328bd0 .functor XOR 1, L_000001648b320820, L_000001648b31f740, C4<0>, C4<0>;
L_000001648b329180 .functor BUF 1, L_000001648b326240, C4<0>, C4<0>, C4<0>;
L_000001648b328af0 .functor AND 1, L_000001648b321540, L_000001648b320320, C4<1>, C4<1>;
L_000001648b328a10 .functor OR 1, L_000001648b321720, L_000001648b31f420, C4<0>, C4<0>;
L_000001648b328a80 .functor AND 1, L_000001648b3217c0, L_000001648b3203c0, C4<1>, C4<1>;
L_000001648b328930 .functor OR 1, L_000001648b320d20, L_000001648b321860, C4<0>, C4<0>;
L_000001648b3291f0 .functor AND 1, L_000001648b320a00, L_000001648b320dc0, C4<1>, C4<1>;
L_000001648b329260 .functor OR 1, L_000001648b31fec0, L_000001648b31fd80, C4<0>, C4<0>;
L_000001648b329420 .functor AND 1, L_000001648b320aa0, L_000001648b31fa60, C4<1>, C4<1>;
L_000001648b328b60 .functor OR 1, L_000001648b3208c0, L_000001648b31f240, C4<0>, C4<0>;
L_000001648b328c40 .functor BUF 1, L_000001648b321400, C4<0>, C4<0>, C4<0>;
L_000001648b328850 .functor XOR 1, L_000001648b31f600, L_000001648b320b40, C4<0>, C4<0>;
L_000001648b328ee0 .functor XOR 1, L_000001648b31f920, L_000001648b320000, C4<0>, C4<0>;
L_000001648b328f50 .functor XOR 1, L_000001648b31f9c0, L_000001648b320e60, C4<0>, C4<0>;
L_000001648b329110 .functor XOR 1, L_000001648b320f00, L_000001648b3200a0, C4<0>, C4<0>;
v000001648b1fe410_0 .net "A", 3 0, L_000001648b320960;  1 drivers
v000001648b1fd790_0 .net "B", 3 0, L_000001648b320140;  1 drivers
v000001648b1fe550_0 .net "Ci", 0 0, L_000001648b326240;  alias, 1 drivers
v000001648b1fd830_0 .net "Co", 0 0, L_000001648b328b60;  alias, 1 drivers
v000001648b2be930_0 .net "Cp", 0 0, L_000001648b328c40;  alias, 1 drivers
v000001648b2bfe70_0 .net "G", 3 0, L_000001648b320640;  1 drivers
v000001648b2c00f0_0 .net "P", 3 0, L_000001648b320c80;  1 drivers
v000001648b2bf470_0 .net *"_ivl_1", 0 0, L_000001648b3289a0;  1 drivers
v000001648b2bf830_0 .net *"_ivl_101", 0 0, L_000001648b31fec0;  1 drivers
v000001648b2c0190_0 .net *"_ivl_103", 0 0, L_000001648b31fd80;  1 drivers
v000001648b2c0230_0 .net *"_ivl_105", 0 0, L_000001648b329420;  1 drivers
v000001648b2be110_0 .net *"_ivl_109", 0 0, L_000001648b320aa0;  1 drivers
v000001648b2bf010_0 .net *"_ivl_11", 0 0, L_000001648b320be0;  1 drivers
v000001648b2be610_0 .net *"_ivl_111", 0 0, L_000001648b31fa60;  1 drivers
v000001648b2bf6f0_0 .net *"_ivl_114", 0 0, L_000001648b3208c0;  1 drivers
v000001648b2bf3d0_0 .net *"_ivl_116", 0 0, L_000001648b31f240;  1 drivers
v000001648b2bf8d0_0 .net *"_ivl_119", 0 0, L_000001648b321400;  1 drivers
v000001648b2beed0_0 .net *"_ivl_121", 0 0, L_000001648b328850;  1 drivers
v000001648b2be2f0_0 .net *"_ivl_124", 0 0, L_000001648b31f600;  1 drivers
v000001648b2c0550_0 .net *"_ivl_126", 0 0, L_000001648b320b40;  1 drivers
v000001648b2be6b0_0 .net *"_ivl_128", 0 0, L_000001648b328ee0;  1 drivers
v000001648b2c0690_0 .net *"_ivl_13", 0 0, L_000001648b31f7e0;  1 drivers
v000001648b2be250_0 .net *"_ivl_131", 0 0, L_000001648b31f920;  1 drivers
v000001648b2bf510_0 .net *"_ivl_133", 0 0, L_000001648b320000;  1 drivers
v000001648b2bffb0_0 .net *"_ivl_135", 0 0, L_000001648b328f50;  1 drivers
v000001648b2be750_0 .net *"_ivl_138", 0 0, L_000001648b31f9c0;  1 drivers
v000001648b2be1b0_0 .net *"_ivl_140", 0 0, L_000001648b320e60;  1 drivers
v000001648b2bf5b0_0 .net *"_ivl_142", 0 0, L_000001648b329110;  1 drivers
v000001648b2c07d0_0 .net *"_ivl_146", 0 0, L_000001648b320f00;  1 drivers
v000001648b2be070_0 .net *"_ivl_148", 0 0, L_000001648b3200a0;  1 drivers
v000001648b2bf290_0 .net *"_ivl_15", 0 0, L_000001648b3285b0;  1 drivers
v000001648b2be7f0_0 .net *"_ivl_18", 0 0, L_000001648b31f2e0;  1 drivers
v000001648b2be890_0 .net *"_ivl_20", 0 0, L_000001648b320280;  1 drivers
v000001648b2bfb50_0 .net *"_ivl_22", 0 0, L_000001648b328d20;  1 drivers
v000001648b2becf0_0 .net *"_ivl_26", 0 0, L_000001648b3206e0;  1 drivers
v000001648b2bf650_0 .net *"_ivl_28", 0 0, L_000001648b31f100;  1 drivers
v000001648b2be390_0 .net *"_ivl_30", 0 0, L_000001648b3292d0;  1 drivers
v000001648b2bf790_0 .net *"_ivl_33", 0 0, L_000001648b3212c0;  1 drivers
v000001648b2bef70_0 .net *"_ivl_35", 0 0, L_000001648b31f880;  1 drivers
v000001648b2bf330_0 .net *"_ivl_37", 0 0, L_000001648b329340;  1 drivers
v000001648b2bf970_0 .net *"_ivl_4", 0 0, L_000001648b31f4c0;  1 drivers
v000001648b2bed90_0 .net *"_ivl_40", 0 0, L_000001648b3215e0;  1 drivers
v000001648b2be430_0 .net *"_ivl_42", 0 0, L_000001648b31f6a0;  1 drivers
v000001648b2bf0b0_0 .net *"_ivl_44", 0 0, L_000001648b328e00;  1 drivers
v000001648b2c05f0_0 .net *"_ivl_47", 0 0, L_000001648b321220;  1 drivers
v000001648b2be9d0_0 .net *"_ivl_49", 0 0, L_000001648b31fe20;  1 drivers
v000001648b2bfa10_0 .net *"_ivl_51", 0 0, L_000001648b328bd0;  1 drivers
v000001648b2c0730_0 .net *"_ivl_55", 0 0, L_000001648b320820;  1 drivers
v000001648b2bfab0_0 .net *"_ivl_57", 0 0, L_000001648b31f740;  1 drivers
v000001648b2bfc90_0 .net *"_ivl_59", 0 0, L_000001648b329180;  1 drivers
v000001648b2c0370_0 .net *"_ivl_6", 0 0, L_000001648b321680;  1 drivers
v000001648b2bea70_0 .net *"_ivl_62", 0 0, L_000001648b328af0;  1 drivers
v000001648b2bf150_0 .net *"_ivl_65", 0 0, L_000001648b321540;  1 drivers
v000001648b2be4d0_0 .net *"_ivl_67", 0 0, L_000001648b320320;  1 drivers
v000001648b2be570_0 .net *"_ivl_69", 0 0, L_000001648b328a10;  1 drivers
v000001648b2beb10_0 .net *"_ivl_72", 0 0, L_000001648b321720;  1 drivers
v000001648b2bf1f0_0 .net *"_ivl_74", 0 0, L_000001648b31f420;  1 drivers
v000001648b2bfbf0_0 .net *"_ivl_76", 0 0, L_000001648b328a80;  1 drivers
v000001648b2bebb0_0 .net *"_ivl_79", 0 0, L_000001648b3217c0;  1 drivers
v000001648b2bec50_0 .net *"_ivl_8", 0 0, L_000001648b328770;  1 drivers
v000001648b2bee30_0 .net *"_ivl_81", 0 0, L_000001648b3203c0;  1 drivers
v000001648b2bfd30_0 .net *"_ivl_83", 0 0, L_000001648b328930;  1 drivers
v000001648b2bfdd0_0 .net *"_ivl_86", 0 0, L_000001648b320d20;  1 drivers
v000001648b2bff10_0 .net *"_ivl_88", 0 0, L_000001648b321860;  1 drivers
v000001648b2c02d0_0 .net *"_ivl_90", 0 0, L_000001648b3291f0;  1 drivers
v000001648b2c0410_0 .net *"_ivl_93", 0 0, L_000001648b320a00;  1 drivers
v000001648b2c0050_0 .net *"_ivl_95", 0 0, L_000001648b320dc0;  1 drivers
v000001648b2c04b0_0 .net *"_ivl_97", 0 0, L_000001648b329260;  1 drivers
v000001648b2c0eb0_0 .net "carry", 3 0, L_000001648b31f380;  1 drivers
v000001648b2c1b30_0 .net "sum", 3 0, L_000001648b31fba0;  1 drivers
v000001648b2c19f0_0 .net "temp", 3 0, L_000001648b31f1a0;  1 drivers
L_000001648b31f4c0 .part L_000001648b320960, 0, 1;
L_000001648b321680 .part L_000001648b320140, 0, 1;
L_000001648b320be0 .part L_000001648b320960, 1, 1;
L_000001648b31f7e0 .part L_000001648b320140, 1, 1;
L_000001648b31f2e0 .part L_000001648b320960, 2, 1;
L_000001648b320280 .part L_000001648b320140, 2, 1;
L_000001648b320640 .concat8 [ 1 1 1 1], L_000001648b3289a0, L_000001648b328770, L_000001648b3285b0, L_000001648b328d20;
L_000001648b3206e0 .part L_000001648b320960, 3, 1;
L_000001648b31f100 .part L_000001648b320140, 3, 1;
L_000001648b3212c0 .part L_000001648b320960, 0, 1;
L_000001648b31f880 .part L_000001648b320140, 0, 1;
L_000001648b3215e0 .part L_000001648b320960, 1, 1;
L_000001648b31f6a0 .part L_000001648b320140, 1, 1;
L_000001648b321220 .part L_000001648b320960, 2, 1;
L_000001648b31fe20 .part L_000001648b320140, 2, 1;
L_000001648b320c80 .concat8 [ 1 1 1 1], L_000001648b3292d0, L_000001648b329340, L_000001648b328e00, L_000001648b328bd0;
L_000001648b320820 .part L_000001648b320960, 3, 1;
L_000001648b31f740 .part L_000001648b320140, 3, 1;
L_000001648b321540 .part L_000001648b320c80, 0, 1;
L_000001648b320320 .part L_000001648b31f380, 0, 1;
L_000001648b321720 .part L_000001648b320640, 0, 1;
L_000001648b31f420 .part L_000001648b31f1a0, 0, 1;
L_000001648b3217c0 .part L_000001648b320c80, 1, 1;
L_000001648b3203c0 .part L_000001648b31f380, 1, 1;
L_000001648b320d20 .part L_000001648b320640, 1, 1;
L_000001648b321860 .part L_000001648b31f1a0, 1, 1;
L_000001648b320a00 .part L_000001648b320c80, 2, 1;
L_000001648b320dc0 .part L_000001648b31f380, 2, 1;
L_000001648b31f380 .concat8 [ 1 1 1 1], L_000001648b329180, L_000001648b328a10, L_000001648b328930, L_000001648b329260;
L_000001648b31fec0 .part L_000001648b320640, 2, 1;
L_000001648b31fd80 .part L_000001648b31f1a0, 2, 1;
L_000001648b31f1a0 .concat8 [ 1 1 1 1], L_000001648b328af0, L_000001648b328a80, L_000001648b3291f0, L_000001648b329420;
L_000001648b320aa0 .part L_000001648b320c80, 3, 1;
L_000001648b31fa60 .part L_000001648b31f380, 3, 1;
L_000001648b3208c0 .part L_000001648b320640, 3, 1;
L_000001648b31f240 .part L_000001648b31f1a0, 3, 1;
L_000001648b321400 .part L_000001648b31f380, 3, 1;
L_000001648b31f600 .part L_000001648b320c80, 0, 1;
L_000001648b320b40 .part L_000001648b31f380, 0, 1;
L_000001648b31f920 .part L_000001648b320c80, 1, 1;
L_000001648b320000 .part L_000001648b31f380, 1, 1;
L_000001648b31f9c0 .part L_000001648b320c80, 2, 1;
L_000001648b320e60 .part L_000001648b31f380, 2, 1;
L_000001648b31fba0 .concat8 [ 1 1 1 1], L_000001648b328850, L_000001648b328ee0, L_000001648b328f50, L_000001648b329110;
L_000001648b320f00 .part L_000001648b320c80, 3, 1;
L_000001648b3200a0 .part L_000001648b31f380, 3, 1;
S_000001648b1859e0 .scope module, "align1" "align_mantissa" 3 24, 6 6 0, S_000001648b158c60;
 .timescale -9 -9;
    .port_info 0 /INPUT 8 "Y";
    .port_info 1 /INPUT 4 "XE_YE";
    .port_info 2 /OUTPUT 8 "Q";
v000001648b2c6e70_0 .net "Q", 7 0, L_000001648b3260f0;  alias, 1 drivers
v000001648b2c61f0_0 .net "QM_temp1", 7 0, L_000001648b326390;  1 drivers
L_000001648b2d1358 .functor BUFT 1, C4<00000000>, C4<0>, C4<0>, C4<0>;
v000001648b2c5d90_0 .net "QM_temp2", 7 0, L_000001648b2d1358;  1 drivers
v000001648b2c6f10_0 .net "XE_YE", 3 0, L_000001648b31b780;  alias, 1 drivers
v000001648b2c5cf0_0 .net "Y", 7 0, L_000001648b2cffb0;  alias, 1 drivers
L_000001648b31d300 .part L_000001648b31b780, 0, 3;
L_000001648b31ede0 .part L_000001648b31b780, 3, 1;
S_000001648b185b70 .scope module, "barrel_shifter1" "barrel_shift" 6 14, 7 5 0, S_000001648b1859e0;
 .timescale -9 -9;
    .port_info 0 /INPUT 8 "A";
    .port_info 1 /INPUT 3 "k";
    .port_info 2 /OUTPUT 8 "shifted_A";
v000001648b2c5570_0 .net "A", 7 0, L_000001648b2cffb0;  alias, 1 drivers
L_000001648b2d11a8 .functor BUFT 1, C4<00>, C4<0>, C4<0>, C4<0>;
v000001648b2c38b0_0 .net/2u *"_ivl_11", 1 0, L_000001648b2d11a8;  1 drivers
v000001648b2c3130_0 .net *"_ivl_17", 5 0, L_000001648b31b8c0;  1 drivers
L_000001648b2d1160 .functor BUFT 1, C4<0>, C4<0>, C4<0>, C4<0>;
v000001648b2c4e90_0 .net/2u *"_ivl_2", 0 0, L_000001648b2d1160;  1 drivers
L_000001648b2d11f0 .functor BUFT 1, C4<000>, C4<0>, C4<0>, C4<0>;
v000001648b2c4990_0 .net/2u *"_ivl_20", 2 0, L_000001648b2d11f0;  1 drivers
v000001648b2c3310_0 .net *"_ivl_26", 4 0, L_000001648b31be60;  1 drivers
L_000001648b2d1238 .functor BUFT 1, C4<0000>, C4<0>, C4<0>, C4<0>;
v000001648b2c4a30_0 .net/2u *"_ivl_29", 3 0, L_000001648b2d1238;  1 drivers
v000001648b2c33b0_0 .net *"_ivl_35", 3 0, L_000001648b31a420;  1 drivers
L_000001648b2d1280 .functor BUFT 1, C4<00000>, C4<0>, C4<0>, C4<0>;
v000001648b2c3450_0 .net/2u *"_ivl_38", 4 0, L_000001648b2d1280;  1 drivers
v000001648b2c3590_0 .net *"_ivl_44", 2 0, L_000001648b31a4c0;  1 drivers
L_000001648b2d12c8 .functor BUFT 1, C4<000000>, C4<0>, C4<0>, C4<0>;
v000001648b2c4ad0_0 .net/2u *"_ivl_47", 5 0, L_000001648b2d12c8;  1 drivers
v000001648b2c36d0_0 .net *"_ivl_53", 1 0, L_000001648b31a6a0;  1 drivers
L_000001648b2d1310 .functor BUFT 1, C4<0000000>, C4<0>, C4<0>, C4<0>;
v000001648b2c3950_0 .net/2u *"_ivl_56", 6 0, L_000001648b2d1310;  1 drivers
v000001648b2c5c50_0 .net *"_ivl_62", 0 0, L_000001648b31b1e0;  1 drivers
v000001648b2c6330_0 .net *"_ivl_8", 6 0, L_000001648b31c040;  1 drivers
v000001648b2c6b50_0 .net "k", 2 0, L_000001648b31d300;  1 drivers
v000001648b2c6c90_0 .net "s1", 7 0, L_000001648b31a100;  1 drivers
v000001648b2c5930_0 .net "s2", 7 0, L_000001648b31b640;  1 drivers
v000001648b2c6650_0 .net "s3", 7 0, L_000001648b31c2c0;  1 drivers
v000001648b2c6830_0 .net "s4", 7 0, L_000001648b31a240;  1 drivers
v000001648b2c60b0_0 .net "s5", 7 0, L_000001648b31bc80;  1 drivers
v000001648b2c6dd0_0 .net "s6", 7 0, L_000001648b31b140;  1 drivers
v000001648b2c6a10_0 .net "s7", 7 0, L_000001648b31b960;  1 drivers
v000001648b2c63d0_0 .net "shifted_A", 7 0, L_000001648b326390;  alias, 1 drivers
L_000001648b31a100 .concat8 [ 7 1 0 0], L_000001648b31c040, L_000001648b2d1160;
L_000001648b31c040 .part L_000001648b2cffb0, 1, 7;
L_000001648b31b640 .concat8 [ 6 2 0 0], L_000001648b31b8c0, L_000001648b2d11a8;
L_000001648b31b8c0 .part L_000001648b2cffb0, 2, 6;
L_000001648b31c2c0 .concat8 [ 5 3 0 0], L_000001648b31be60, L_000001648b2d11f0;
L_000001648b31be60 .part L_000001648b2cffb0, 3, 5;
L_000001648b31a240 .concat8 [ 4 4 0 0], L_000001648b31a420, L_000001648b2d1238;
L_000001648b31a420 .part L_000001648b2cffb0, 4, 4;
L_000001648b31bc80 .concat8 [ 3 5 0 0], L_000001648b31a4c0, L_000001648b2d1280;
L_000001648b31a4c0 .part L_000001648b2cffb0, 5, 3;
L_000001648b31b140 .concat8 [ 2 6 0 0], L_000001648b31a6a0, L_000001648b2d12c8;
L_000001648b31a6a0 .part L_000001648b2cffb0, 6, 2;
L_000001648b31b960 .concat8 [ 1 7 0 0], L_000001648b31b1e0, L_000001648b2d1310;
L_000001648b31b1e0 .part L_000001648b2cffb0, 7, 1;
S_000001648b26d960 .scope module, "mux1" "mux_8_to_1" 7 28, 8 5 0, S_000001648b185b70;
 .timescale -9 -9;
    .port_info 0 /INPUT 8 "s0";
    .port_info 1 /INPUT 8 "s1";
    .port_info 2 /INPUT 8 "s2";
    .port_info 3 /INPUT 8 "s3";
    .port_info 4 /INPUT 8 "s4";
    .port_info 5 /INPUT 8 "s5";
    .port_info 6 /INPUT 8 "s6";
    .port_info 7 /INPUT 8 "s7";
    .port_info 8 /INPUT 3 "control";
    .port_info 9 /OUTPUT 8 "out";
L_000001648b3194d0 .functor NOT 3, L_000001648b31d300, C4<000>, C4<000>, C4<000>;
L_000001648b3195b0 .functor AND 1, L_000001648b31ba00, L_000001648b31baa0, L_000001648b31b320, C4<1>;
L_000001648b319540 .functor AND 1, L_000001648b31bdc0, L_000001648b31b3c0, L_000001648b31c0e0, C4<1>;
L_000001648b319620 .functor AND 1, L_000001648b31a1a0, L_000001648b31a9c0, L_000001648b31a740, C4<1>;
L_000001648b319770 .functor AND 1, L_000001648b31a880, L_000001648b31a920, L_000001648b31c180, C4<1>;
L_000001648b319700 .functor AND 1, L_000001648b31aa60, L_000001648b31c220, L_000001648b31ab00, C4<1>;
L_000001648b3197e0 .functor AND 1, L_000001648b31ac40, L_000001648b31ae20, L_000001648b31aec0, C4<1>;
L_000001648b319930 .functor AND 1, L_000001648b31ccc0, L_000001648b31b460, L_000001648b31ed40, C4<1>;
L_000001648b3198c0 .functor AND 1, L_000001648b31d8a0, L_000001648b31e7a0, L_000001648b31ec00, C4<1>;
L_000001648b319e00 .functor BUF 8, L_000001648b31e2a0, C4<00000000>, C4<00000000>, C4<00000000>;
L_000001648b3199a0 .functor BUF 8, L_000001648b31cfe0, C4<00000000>, C4<00000000>, C4<00000000>;
L_000001648b319a10 .functor BUF 8, L_000001648b31dda0, C4<00000000>, C4<00000000>, C4<00000000>;
L_000001648b319bd0 .functor BUF 8, L_000001648b31e160, C4<00000000>, C4<00000000>, C4<00000000>;
L_000001648b325bb0 .functor BUF 8, L_000001648b31d940, C4<00000000>, C4<00000000>, C4<00000000>;
L_000001648b325c90 .functor BUF 8, L_000001648b31db20, C4<00000000>, C4<00000000>, C4<00000000>;
L_000001648b3262b0 .functor BUF 8, L_000001648b31d620, C4<00000000>, C4<00000000>, C4<00000000>;
L_000001648b325590 .functor BUF 8, L_000001648b31cb80, C4<00000000>, C4<00000000>, C4<00000000>;
L_000001648b326320 .functor AND 8, L_000001648b2cffb0, L_000001648b319e00, C4<11111111>, C4<11111111>;
L_000001648b325910 .functor AND 8, L_000001648b31a100, L_000001648b3199a0, C4<11111111>, C4<11111111>;
L_000001648b325c20 .functor AND 8, L_000001648b31b640, L_000001648b319a10, C4<11111111>, C4<11111111>;
L_000001648b325830 .functor AND 8, L_000001648b31c2c0, L_000001648b319bd0, C4<11111111>, C4<11111111>;
L_000001648b325ad0 .functor AND 8, L_000001648b31a240, L_000001648b325bb0, C4<11111111>, C4<11111111>;
L_000001648b3258a0 .functor AND 8, L_000001648b31bc80, L_000001648b325c90, C4<11111111>, C4<11111111>;
L_000001648b325e50 .functor AND 8, L_000001648b31b140, L_000001648b3262b0, C4<11111111>, C4<11111111>;
L_000001648b325b40 .functor AND 8, L_000001648b31b960, L_000001648b325590, C4<11111111>, C4<11111111>;
L_000001648b326390/0/0 .functor OR 8, L_000001648b326320, L_000001648b325910, L_000001648b325c20, L_000001648b325830;
L_000001648b326390/0/4 .functor OR 8, L_000001648b325ad0, L_000001648b3258a0, L_000001648b325e50, L_000001648b325b40;
L_000001648b326390 .functor OR 8, L_000001648b326390/0/0, L_000001648b326390/0/4, C4<00000000>, C4<00000000>;
v000001648b2c0f50_0 .net *"_ivl_0", 0 0, L_000001648b3195b0;  1 drivers
v000001648b2c1a90_0 .net *"_ivl_11", 0 0, L_000001648b31bdc0;  1 drivers
v000001648b2c1130_0 .net *"_ivl_13", 0 0, L_000001648b31b3c0;  1 drivers
v000001648b2c0cd0_0 .net *"_ivl_15", 0 0, L_000001648b31c0e0;  1 drivers
v000001648b2c1bd0_0 .net *"_ivl_16", 0 0, L_000001648b319620;  1 drivers
v000001648b2c09b0_0 .net *"_ivl_19", 0 0, L_000001648b31a1a0;  1 drivers
v000001648b2c1db0_0 .net *"_ivl_21", 0 0, L_000001648b31a9c0;  1 drivers
v000001648b2c0a50_0 .net *"_ivl_23", 0 0, L_000001648b31a740;  1 drivers
v000001648b2c1e50_0 .net *"_ivl_24", 0 0, L_000001648b319770;  1 drivers
v000001648b2c0e10_0 .net *"_ivl_27", 0 0, L_000001648b31a880;  1 drivers
v000001648b2c1ef0_0 .net *"_ivl_29", 0 0, L_000001648b31a920;  1 drivers
v000001648b2c0d70_0 .net *"_ivl_3", 0 0, L_000001648b31ba00;  1 drivers
v000001648b2c0910_0 .net *"_ivl_31", 0 0, L_000001648b31c180;  1 drivers
v000001648b2c13b0_0 .net *"_ivl_32", 0 0, L_000001648b319700;  1 drivers
v000001648b2c0ff0_0 .net *"_ivl_35", 0 0, L_000001648b31aa60;  1 drivers
v000001648b2c16d0_0 .net *"_ivl_37", 0 0, L_000001648b31c220;  1 drivers
v000001648b2c1770_0 .net *"_ivl_39", 0 0, L_000001648b31ab00;  1 drivers
v000001648b2c1450_0 .net *"_ivl_40", 0 0, L_000001648b3197e0;  1 drivers
v000001648b2c0af0_0 .net *"_ivl_43", 0 0, L_000001648b31ac40;  1 drivers
v000001648b2c1090_0 .net *"_ivl_45", 0 0, L_000001648b31ae20;  1 drivers
v000001648b2c0b90_0 .net *"_ivl_47", 0 0, L_000001648b31aec0;  1 drivers
v000001648b2c0c30_0 .net *"_ivl_48", 0 0, L_000001648b319930;  1 drivers
v000001648b2c14f0_0 .net *"_ivl_5", 0 0, L_000001648b31baa0;  1 drivers
v000001648b2c1590_0 .net *"_ivl_51", 0 0, L_000001648b31ccc0;  1 drivers
v000001648b2c1810_0 .net *"_ivl_53", 0 0, L_000001648b31b460;  1 drivers
v000001648b2c3b30_0 .net *"_ivl_55", 0 0, L_000001648b31ed40;  1 drivers
v000001648b2c5390_0 .net *"_ivl_56", 0 0, L_000001648b3198c0;  1 drivers
v000001648b2c4670_0 .net *"_ivl_60", 0 0, L_000001648b31d8a0;  1 drivers
v000001648b2c4170_0 .net *"_ivl_62", 0 0, L_000001648b31e7a0;  1 drivers
v000001648b2c5070_0 .net *"_ivl_64", 0 0, L_000001648b31ec00;  1 drivers
v000001648b2c3c70_0 .net *"_ivl_66", 0 0, L_000001648b31eb60;  1 drivers
v000001648b2c5430_0 .net *"_ivl_68", 7 0, L_000001648b31e2a0;  1 drivers
v000001648b2c4030_0 .net *"_ivl_7", 0 0, L_000001648b31b320;  1 drivers
v000001648b2c4f30_0 .net *"_ivl_70", 0 0, L_000001648b31e200;  1 drivers
v000001648b2c56b0_0 .net *"_ivl_72", 7 0, L_000001648b31cfe0;  1 drivers
v000001648b2c3d10_0 .net *"_ivl_74", 0 0, L_000001648b31c9a0;  1 drivers
v000001648b2c4d50_0 .net *"_ivl_76", 7 0, L_000001648b31dda0;  1 drivers
v000001648b2c4350_0 .net *"_ivl_78", 0 0, L_000001648b31e3e0;  1 drivers
v000001648b2c5250_0 .net *"_ivl_8", 0 0, L_000001648b319540;  1 drivers
v000001648b2c3810_0 .net *"_ivl_80", 7 0, L_000001648b31e160;  1 drivers
v000001648b2c4df0_0 .net *"_ivl_82", 0 0, L_000001648b31dd00;  1 drivers
v000001648b2c5110_0 .net *"_ivl_84", 7 0, L_000001648b31d940;  1 drivers
v000001648b2c45d0_0 .net *"_ivl_86", 0 0, L_000001648b31da80;  1 drivers
v000001648b2c3a90_0 .net *"_ivl_88", 7 0, L_000001648b31db20;  1 drivers
v000001648b2c57f0_0 .net *"_ivl_90", 0 0, L_000001648b31dbc0;  1 drivers
v000001648b2c4b70_0 .net *"_ivl_92", 7 0, L_000001648b31d620;  1 drivers
v000001648b2c3bd0_0 .net *"_ivl_94", 0 0, L_000001648b31d9e0;  1 drivers
v000001648b2c31d0_0 .net *"_ivl_96", 7 0, L_000001648b31cb80;  1 drivers
v000001648b2c3770_0 .net "c", 7 0, L_000001648b31c900;  1 drivers
v000001648b2c3ef0_0 .net "c0", 7 0, L_000001648b319e00;  1 drivers
v000001648b2c4c10_0 .net "c1", 7 0, L_000001648b3199a0;  1 drivers
v000001648b2c5610_0 .net "c2", 7 0, L_000001648b319a10;  1 drivers
v000001648b2c48f0_0 .net "c3", 7 0, L_000001648b319bd0;  1 drivers
v000001648b2c4cb0_0 .net "c4", 7 0, L_000001648b325bb0;  1 drivers
v000001648b2c3f90_0 .net "c5", 7 0, L_000001648b325c90;  1 drivers
v000001648b2c5750_0 .net "c6", 7 0, L_000001648b3262b0;  1 drivers
v000001648b2c4fd0_0 .net "c7", 7 0, L_000001648b325590;  1 drivers
v000001648b2c43f0_0 .net "control", 2 0, L_000001648b31d300;  alias, 1 drivers
v000001648b2c52f0_0 .net "control_not", 2 0, L_000001648b3194d0;  1 drivers
v000001648b2c3270_0 .net "out", 7 0, L_000001648b326390;  alias, 1 drivers
v000001648b2c4210_0 .net "out_temp0", 7 0, L_000001648b326320;  1 drivers
v000001648b2c34f0_0 .net "out_temp1", 7 0, L_000001648b325910;  1 drivers
v000001648b2c3db0_0 .net "out_temp2", 7 0, L_000001648b325c20;  1 drivers
v000001648b2c51b0_0 .net "out_temp3", 7 0, L_000001648b325830;  1 drivers
v000001648b2c42b0_0 .net "out_temp4", 7 0, L_000001648b325ad0;  1 drivers
v000001648b2c3630_0 .net "out_temp5", 7 0, L_000001648b3258a0;  1 drivers
v000001648b2c3090_0 .net "out_temp6", 7 0, L_000001648b325e50;  1 drivers
v000001648b2c3e50_0 .net "out_temp7", 7 0, L_000001648b325b40;  1 drivers
v000001648b2c4490_0 .net "s0", 7 0, L_000001648b2cffb0;  alias, 1 drivers
v000001648b2c4530_0 .net "s1", 7 0, L_000001648b31a100;  alias, 1 drivers
v000001648b2c40d0_0 .net "s2", 7 0, L_000001648b31b640;  alias, 1 drivers
v000001648b2c4710_0 .net "s3", 7 0, L_000001648b31c2c0;  alias, 1 drivers
v000001648b2c39f0_0 .net "s4", 7 0, L_000001648b31a240;  alias, 1 drivers
v000001648b2c54d0_0 .net "s5", 7 0, L_000001648b31bc80;  alias, 1 drivers
v000001648b2c47b0_0 .net "s6", 7 0, L_000001648b31b140;  alias, 1 drivers
v000001648b2c4850_0 .net "s7", 7 0, L_000001648b31b960;  alias, 1 drivers
L_000001648b31ba00 .part L_000001648b3194d0, 2, 1;
L_000001648b31baa0 .part L_000001648b3194d0, 1, 1;
L_000001648b31b320 .part L_000001648b3194d0, 0, 1;
L_000001648b31bdc0 .part L_000001648b3194d0, 2, 1;
L_000001648b31b3c0 .part L_000001648b3194d0, 1, 1;
L_000001648b31c0e0 .part L_000001648b31d300, 0, 1;
L_000001648b31a1a0 .part L_000001648b3194d0, 2, 1;
L_000001648b31a9c0 .part L_000001648b31d300, 1, 1;
L_000001648b31a740 .part L_000001648b3194d0, 0, 1;
L_000001648b31a880 .part L_000001648b3194d0, 2, 1;
L_000001648b31a920 .part L_000001648b31d300, 1, 1;
L_000001648b31c180 .part L_000001648b31d300, 0, 1;
L_000001648b31aa60 .part L_000001648b31d300, 2, 1;
L_000001648b31c220 .part L_000001648b3194d0, 1, 1;
L_000001648b31ab00 .part L_000001648b3194d0, 0, 1;
L_000001648b31ac40 .part L_000001648b31d300, 2, 1;
L_000001648b31ae20 .part L_000001648b3194d0, 1, 1;
L_000001648b31aec0 .part L_000001648b31d300, 0, 1;
L_000001648b31ccc0 .part L_000001648b31d300, 2, 1;
L_000001648b31b460 .part L_000001648b31d300, 1, 1;
L_000001648b31ed40 .part L_000001648b3194d0, 0, 1;
LS_000001648b31c900_0_0 .concat8 [ 1 1 1 1], L_000001648b3195b0, L_000001648b319540, L_000001648b319620, L_000001648b319770;
LS_000001648b31c900_0_4 .concat8 [ 1 1 1 1], L_000001648b319700, L_000001648b3197e0, L_000001648b319930, L_000001648b3198c0;
L_000001648b31c900 .concat8 [ 4 4 0 0], LS_000001648b31c900_0_0, LS_000001648b31c900_0_4;
L_000001648b31d8a0 .part L_000001648b31d300, 2, 1;
L_000001648b31e7a0 .part L_000001648b31d300, 1, 1;
L_000001648b31ec00 .part L_000001648b31d300, 0, 1;
L_000001648b31eb60 .part L_000001648b31c900, 0, 1;
L_000001648b31e2a0 .repeat 8, 8, L_000001648b31eb60;
L_000001648b31e200 .part L_000001648b31c900, 1, 1;
L_000001648b31cfe0 .repeat 8, 8, L_000001648b31e200;
L_000001648b31c9a0 .part L_000001648b31c900, 2, 1;
L_000001648b31dda0 .repeat 8, 8, L_000001648b31c9a0;
L_000001648b31e3e0 .part L_000001648b31c900, 3, 1;
L_000001648b31e160 .repeat 8, 8, L_000001648b31e3e0;
L_000001648b31dd00 .part L_000001648b31c900, 4, 1;
L_000001648b31d940 .repeat 8, 8, L_000001648b31dd00;
L_000001648b31da80 .part L_000001648b31c900, 5, 1;
L_000001648b31db20 .repeat 8, 8, L_000001648b31da80;
L_000001648b31dbc0 .part L_000001648b31c900, 6, 1;
L_000001648b31d620 .repeat 8, 8, L_000001648b31dbc0;
L_000001648b31d9e0 .part L_000001648b31c900, 7, 1;
L_000001648b31cb80 .repeat 8, 8, L_000001648b31d9e0;
S_000001648b26daf0 .scope module, "mux1" "mux_2_to_1" 6 17, 9 5 0, S_000001648b1859e0;
 .timescale -9 -9;
    .port_info 0 /INPUT 8 "s0";
    .port_info 1 /INPUT 8 "s1";
    .port_info 2 /INPUT 1 "control";
    .port_info 3 /OUTPUT 8 "out";
L_000001648b325fa0 .functor BUF 8, L_000001648b31eac0, C4<00000000>, C4<00000000>, C4<00000000>;
L_000001648b325980 .functor NOT 8, L_000001648b325fa0, C4<00000000>, C4<00000000>, C4<00000000>;
L_000001648b325600 .functor AND 8, L_000001648b326390, L_000001648b325980, C4<11111111>, C4<11111111>;
L_000001648b326400 .functor AND 8, L_000001648b2d1358, L_000001648b325fa0, C4<11111111>, C4<11111111>;
L_000001648b3260f0 .functor OR 8, L_000001648b325600, L_000001648b326400, C4<00000000>, C4<00000000>;
v000001648b2c65b0_0 .net *"_ivl_1", 7 0, L_000001648b31eac0;  1 drivers
v000001648b2c6010_0 .net "c", 7 0, L_000001648b325fa0;  1 drivers
v000001648b2c5bb0_0 .net "c_not", 7 0, L_000001648b325980;  1 drivers
v000001648b2c6ab0_0 .net "control", 0 0, L_000001648b31ede0;  1 drivers
v000001648b2c6790_0 .net "out", 7 0, L_000001648b3260f0;  alias, 1 drivers
v000001648b2c68d0_0 .net "out_temp0", 7 0, L_000001648b325600;  1 drivers
v000001648b2c5ed0_0 .net "out_temp1", 7 0, L_000001648b326400;  1 drivers
v000001648b2c6d30_0 .net "s0", 7 0, L_000001648b326390;  alias, 1 drivers
v000001648b2c6290_0 .net "s1", 7 0, L_000001648b2d1358;  alias, 1 drivers
L_000001648b31eac0 .repeat 8, 8, L_000001648b31ede0;
S_000001648b182430 .scope module, "gen1" "generate_exponent_difference" 3 22, 10 6 0, S_000001648b158c60;
 .timescale -9 -9;
    .port_info 0 /INPUT 4 "XE";
    .port_info 1 /INPUT 4 "YE";
    .port_info 2 /OUTPUT 4 "XE_YE";
v000001648b2c7820_0 .net "XE", 3 0, L_000001648b2cfbf0;  alias, 1 drivers
v000001648b2c7d20_0 .net "XE_YE", 3 0, L_000001648b31b780;  alias, 1 drivers
v000001648b2c9260_0 .net "YE", 3 0, L_000001648b2d0690;  alias, 1 drivers
S_000001648b1825c0 .scope module, "bls1" "BLS" 10 11, 11 5 0, S_000001648b182430;
 .timescale -9 -9;
    .port_info 0 /INPUT 4 "A";
    .port_info 1 /INPUT 4 "B";
    .port_info 2 /OUTPUT 4 "difference";
L_000001648b1cbca0 .functor NOT 4, L_000001648b2d0690, C4<0000>, C4<0000>, C4<0000>;
L_000001648b319e70 .functor AND 1, L_000001648b2d05f0, L_000001648b2d09b0, C4<1>, C4<1>;
L_000001648b319ee0 .functor AND 1, L_000001648b2cfc90, L_000001648b2d0a50, C4<1>, C4<1>;
L_000001648b319230 .functor AND 1, L_000001648b2d0370, L_000001648b2d0f50, C4<1>, C4<1>;
L_000001648b319d20 .functor AND 1, L_000001648b2cfd30, L_000001648b2cfdd0, C4<1>, C4<1>;
L_000001648b319cb0 .functor XOR 1, L_000001648b2d0af0, L_000001648b2cfe70, C4<0>, C4<0>;
L_000001648b3192a0 .functor XOR 1, L_000001648b2cff10, L_000001648b2d0050, C4<0>, C4<0>;
L_000001648b3190e0 .functor XOR 1, L_000001648b2d0230, L_000001648b31c400, C4<0>, C4<0>;
L_000001648b319d90 .functor XOR 1, L_000001648b31c540, L_000001648b31bf00, C4<0>, C4<0>;
L_000001648b2d1118 .functor BUFT 1, C4<1>, C4<0>, C4<0>, C4<0>;
L_000001648b319f50 .functor BUF 1, L_000001648b2d1118, C4<0>, C4<0>, C4<0>;
L_000001648b319fc0 .functor AND 1, L_000001648b31b000, L_000001648b31bb40, C4<1>, C4<1>;
L_000001648b319150 .functor OR 1, L_000001648b31b280, L_000001648b31a380, C4<0>, C4<0>;
L_000001648b319c40 .functor AND 1, L_000001648b31af60, L_000001648b31bd20, C4<1>, C4<1>;
L_000001648b3191c0 .functor OR 1, L_000001648b31a560, L_000001648b31b6e0, C4<0>, C4<0>;
L_000001648b319850 .functor AND 1, L_000001648b31aba0, L_000001648b31c680, C4<1>, C4<1>;
L_000001648b319310 .functor OR 1, L_000001648b31c7c0, L_000001648b31bfa0, C4<0>, C4<0>;
L_000001648b319380 .functor AND 1, L_000001648b31b0a0, L_000001648b31c5e0, C4<1>, C4<1>;
L_000001648b319af0 .functor OR 1, L_000001648b31a2e0, L_000001648b31c720, C4<0>, C4<0>;
L_000001648b319690 .functor XOR 1, L_000001648b31bbe0, L_000001648b31c4a0, C4<0>, C4<0>;
L_000001648b3193f0 .functor XOR 1, L_000001648b31c860, L_000001648b31a600, C4<0>, C4<0>;
L_000001648b319a80 .functor XOR 1, L_000001648b31ad80, L_000001648b31b5a0, C4<0>, C4<0>;
L_000001648b319460 .functor XOR 1, L_000001648b31b820, L_000001648b31ace0, C4<0>, C4<0>;
v000001648b2c5e30_0 .net "A", 3 0, L_000001648b2cfbf0;  alias, 1 drivers
v000001648b2c6bf0_0 .net "B", 3 0, L_000001648b2d0690;  alias, 1 drivers
v000001648b2c5b10_0 .net "B_1", 3 0, L_000001648b1cbca0;  1 drivers
v000001648b2c59d0_0 .net "G", 3 0, L_000001648b2d0c30;  1 drivers
v000001648b2c6970_0 .net "P", 3 0, L_000001648b31a7e0;  1 drivers
v000001648b2c5890_0 .net *"_ivl_1", 0 0, L_000001648b319e70;  1 drivers
v000001648b2c66f0_0 .net *"_ivl_102", 0 0, L_000001648b31c7c0;  1 drivers
v000001648b2c6470_0 .net *"_ivl_104", 0 0, L_000001648b31bfa0;  1 drivers
v000001648b2c5f70_0 .net *"_ivl_106", 0 0, L_000001648b319380;  1 drivers
v000001648b2c6150_0 .net *"_ivl_11", 0 0, L_000001648b2cfc90;  1 drivers
v000001648b2c6510_0 .net *"_ivl_110", 0 0, L_000001648b31b0a0;  1 drivers
v000001648b2c5a70_0 .net *"_ivl_112", 0 0, L_000001648b31c5e0;  1 drivers
v000001648b2c9440_0 .net *"_ivl_114", 0 0, L_000001648b319af0;  1 drivers
v000001648b2c7a00_0 .net *"_ivl_118", 0 0, L_000001648b31a2e0;  1 drivers
v000001648b2c7280_0 .net *"_ivl_120", 0 0, L_000001648b31c720;  1 drivers
v000001648b2c8540_0 .net *"_ivl_122", 0 0, L_000001648b319690;  1 drivers
v000001648b2c84a0_0 .net *"_ivl_125", 0 0, L_000001648b31bbe0;  1 drivers
v000001648b2c8040_0 .net *"_ivl_127", 0 0, L_000001648b31c4a0;  1 drivers
v000001648b2c9800_0 .net *"_ivl_129", 0 0, L_000001648b3193f0;  1 drivers
v000001648b2c7960_0 .net *"_ivl_13", 0 0, L_000001648b2d0a50;  1 drivers
v000001648b2c8ea0_0 .net *"_ivl_132", 0 0, L_000001648b31c860;  1 drivers
v000001648b2c91c0_0 .net *"_ivl_134", 0 0, L_000001648b31a600;  1 drivers
v000001648b2c8e00_0 .net *"_ivl_136", 0 0, L_000001648b319a80;  1 drivers
v000001648b2c9760_0 .net *"_ivl_139", 0 0, L_000001648b31ad80;  1 drivers
v000001648b2c8a40_0 .net *"_ivl_141", 0 0, L_000001648b31b5a0;  1 drivers
v000001648b2c7fa0_0 .net *"_ivl_143", 0 0, L_000001648b319460;  1 drivers
v000001648b2c8ae0_0 .net *"_ivl_147", 0 0, L_000001648b31b820;  1 drivers
v000001648b2c7140_0 .net *"_ivl_149", 0 0, L_000001648b31ace0;  1 drivers
v000001648b2c7dc0_0 .net *"_ivl_15", 0 0, L_000001648b319230;  1 drivers
v000001648b2c8220_0 .net *"_ivl_18", 0 0, L_000001648b2d0370;  1 drivers
v000001648b2c7320_0 .net *"_ivl_20", 0 0, L_000001648b2d0f50;  1 drivers
v000001648b2c8cc0_0 .net *"_ivl_22", 0 0, L_000001648b319d20;  1 drivers
v000001648b2c9080_0 .net *"_ivl_26", 0 0, L_000001648b2cfd30;  1 drivers
v000001648b2c7f00_0 .net *"_ivl_28", 0 0, L_000001648b2cfdd0;  1 drivers
v000001648b2c73c0_0 .net *"_ivl_30", 0 0, L_000001648b319cb0;  1 drivers
v000001648b2c7460_0 .net *"_ivl_33", 0 0, L_000001648b2d0af0;  1 drivers
v000001648b2c7aa0_0 .net *"_ivl_35", 0 0, L_000001648b2cfe70;  1 drivers
v000001648b2c8680_0 .net *"_ivl_37", 0 0, L_000001648b3192a0;  1 drivers
v000001648b2c80e0_0 .net *"_ivl_4", 0 0, L_000001648b2d05f0;  1 drivers
v000001648b2c85e0_0 .net *"_ivl_40", 0 0, L_000001648b2cff10;  1 drivers
v000001648b2c82c0_0 .net *"_ivl_42", 0 0, L_000001648b2d0050;  1 drivers
v000001648b2c8900_0 .net *"_ivl_44", 0 0, L_000001648b3190e0;  1 drivers
v000001648b2c8360_0 .net *"_ivl_47", 0 0, L_000001648b2d0230;  1 drivers
v000001648b2c70a0_0 .net *"_ivl_49", 0 0, L_000001648b31c400;  1 drivers
v000001648b2c8f40_0 .net *"_ivl_51", 0 0, L_000001648b319d90;  1 drivers
v000001648b2c8720_0 .net *"_ivl_55", 0 0, L_000001648b31c540;  1 drivers
v000001648b2c7b40_0 .net *"_ivl_57", 0 0, L_000001648b31bf00;  1 drivers
v000001648b2c9300_0 .net *"_ivl_59", 0 0, L_000001648b319f50;  1 drivers
v000001648b2c7780_0 .net *"_ivl_6", 0 0, L_000001648b2d09b0;  1 drivers
v000001648b2c96c0_0 .net/2s *"_ivl_61", 0 0, L_000001648b2d1118;  1 drivers
v000001648b2c7e60_0 .net *"_ivl_64", 0 0, L_000001648b319fc0;  1 drivers
v000001648b2c7500_0 .net *"_ivl_67", 0 0, L_000001648b31b000;  1 drivers
v000001648b2c87c0_0 .net *"_ivl_69", 0 0, L_000001648b31bb40;  1 drivers
v000001648b2c9120_0 .net *"_ivl_71", 0 0, L_000001648b319150;  1 drivers
v000001648b2c8860_0 .net *"_ivl_74", 0 0, L_000001648b31b280;  1 drivers
v000001648b2c8d60_0 .net *"_ivl_76", 0 0, L_000001648b31a380;  1 drivers
v000001648b2c7c80_0 .net *"_ivl_78", 0 0, L_000001648b319c40;  1 drivers
v000001648b2c93a0_0 .net *"_ivl_8", 0 0, L_000001648b319ee0;  1 drivers
v000001648b2c8400_0 .net *"_ivl_81", 0 0, L_000001648b31af60;  1 drivers
v000001648b2c94e0_0 .net *"_ivl_83", 0 0, L_000001648b31bd20;  1 drivers
v000001648b2c7be0_0 .net *"_ivl_85", 0 0, L_000001648b3191c0;  1 drivers
v000001648b2c9620_0 .net *"_ivl_88", 0 0, L_000001648b31a560;  1 drivers
v000001648b2c9580_0 .net *"_ivl_90", 0 0, L_000001648b31b6e0;  1 drivers
v000001648b2c71e0_0 .net *"_ivl_92", 0 0, L_000001648b319850;  1 drivers
v000001648b2c8c20_0 .net *"_ivl_95", 0 0, L_000001648b31aba0;  1 drivers
v000001648b2c75a0_0 .net *"_ivl_97", 0 0, L_000001648b31c680;  1 drivers
v000001648b2c7640_0 .net *"_ivl_99", 0 0, L_000001648b319310;  1 drivers
v000001648b2c8b80_0 .net "carry", 4 0, L_000001648b31b500;  1 drivers
v000001648b2c8fe0_0 .net "difference", 3 0, L_000001648b31b780;  alias, 1 drivers
v000001648b2c89a0_0 .net "temp", 3 0, L_000001648b31c360;  1 drivers
L_000001648b2d05f0 .part L_000001648b2cfbf0, 0, 1;
L_000001648b2d09b0 .part L_000001648b1cbca0, 0, 1;
L_000001648b2cfc90 .part L_000001648b2cfbf0, 1, 1;
L_000001648b2d0a50 .part L_000001648b1cbca0, 1, 1;
L_000001648b2d0370 .part L_000001648b2cfbf0, 2, 1;
L_000001648b2d0f50 .part L_000001648b1cbca0, 2, 1;
L_000001648b2d0c30 .concat8 [ 1 1 1 1], L_000001648b319e70, L_000001648b319ee0, L_000001648b319230, L_000001648b319d20;
L_000001648b2cfd30 .part L_000001648b2cfbf0, 3, 1;
L_000001648b2cfdd0 .part L_000001648b1cbca0, 3, 1;
L_000001648b2d0af0 .part L_000001648b2cfbf0, 0, 1;
L_000001648b2cfe70 .part L_000001648b1cbca0, 0, 1;
L_000001648b2cff10 .part L_000001648b2cfbf0, 1, 1;
L_000001648b2d0050 .part L_000001648b1cbca0, 1, 1;
L_000001648b2d0230 .part L_000001648b2cfbf0, 2, 1;
L_000001648b31c400 .part L_000001648b1cbca0, 2, 1;
L_000001648b31a7e0 .concat8 [ 1 1 1 1], L_000001648b319cb0, L_000001648b3192a0, L_000001648b3190e0, L_000001648b319d90;
L_000001648b31c540 .part L_000001648b2cfbf0, 3, 1;
L_000001648b31bf00 .part L_000001648b1cbca0, 3, 1;
L_000001648b31b000 .part L_000001648b31a7e0, 0, 1;
L_000001648b31bb40 .part L_000001648b31b500, 0, 1;
L_000001648b31b280 .part L_000001648b2d0c30, 0, 1;
L_000001648b31a380 .part L_000001648b31c360, 0, 1;
L_000001648b31af60 .part L_000001648b31a7e0, 1, 1;
L_000001648b31bd20 .part L_000001648b31b500, 1, 1;
L_000001648b31a560 .part L_000001648b2d0c30, 1, 1;
L_000001648b31b6e0 .part L_000001648b31c360, 1, 1;
L_000001648b31aba0 .part L_000001648b31a7e0, 2, 1;
L_000001648b31c680 .part L_000001648b31b500, 2, 1;
L_000001648b31c7c0 .part L_000001648b2d0c30, 2, 1;
L_000001648b31bfa0 .part L_000001648b31c360, 2, 1;
L_000001648b31c360 .concat8 [ 1 1 1 1], L_000001648b319fc0, L_000001648b319c40, L_000001648b319850, L_000001648b319380;
L_000001648b31b0a0 .part L_000001648b31a7e0, 2, 1;
L_000001648b31c5e0 .part L_000001648b31b500, 2, 1;
LS_000001648b31b500_0_0 .concat8 [ 1 1 1 1], L_000001648b319f50, L_000001648b319150, L_000001648b3191c0, L_000001648b319310;
LS_000001648b31b500_0_4 .concat8 [ 1 0 0 0], L_000001648b319af0;
L_000001648b31b500 .concat8 [ 4 1 0 0], LS_000001648b31b500_0_0, LS_000001648b31b500_0_4;
L_000001648b31a2e0 .part L_000001648b2d0c30, 3, 1;
L_000001648b31c720 .part L_000001648b31c360, 3, 1;
L_000001648b31bbe0 .part L_000001648b31a7e0, 0, 1;
L_000001648b31c4a0 .part L_000001648b31b500, 0, 1;
L_000001648b31c860 .part L_000001648b31a7e0, 1, 1;
L_000001648b31a600 .part L_000001648b31b500, 1, 1;
L_000001648b31ad80 .part L_000001648b31a7e0, 2, 1;
L_000001648b31b5a0 .part L_000001648b31b500, 2, 1;
L_000001648b31b780 .concat8 [ 1 1 1 1], L_000001648b319690, L_000001648b3193f0, L_000001648b319a80, L_000001648b319460;
L_000001648b31b820 .part L_000001648b31a7e0, 3, 1;
L_000001648b31ace0 .part L_000001648b31b500, 3, 1;
S_000001648b15e2e0 .scope module, "mux1" "bit7_2_1_mux" 3 27, 12 3 0, S_000001648b158c60;
 .timescale -9 -9;
    .port_info 0 /INPUT 7 "op1";
    .port_info 1 /INPUT 7 "op2";
    .port_info 2 /INPUT 1 "sl";
    .port_info 3 /OUTPUT 7 "fin";
L_000001648b328700 .functor BUF 7, L_000001648b320fa0, C4<0000000>, C4<0000000>, C4<0000000>;
L_000001648b328620 .functor NOT 1, L_000001648b3210e0, C4<0>, C4<0>, C4<0>;
L_000001648b328fc0 .functor BUF 7, L_000001648b3201e0, C4<0000000>, C4<0000000>, C4<0000000>;
L_000001648b329030 .functor AND 7, L_000001648b320460, L_000001648b328700, C4<1111111>, C4<1111111>;
L_000001648b328690 .functor AND 7, L_000001648b321040, L_000001648b328fc0, C4<1111111>, C4<1111111>;
L_000001648b328cb0 .functor OR 7, L_000001648b329030, L_000001648b328690, C4<0000000>, C4<0000000>;
v000001648b2c76e0_0 .net *"_ivl_1", 6 0, L_000001648b320fa0;  1 drivers
v000001648b2c8180_0 .net *"_ivl_4", 6 0, L_000001648b3201e0;  1 drivers
v000001648b2c78c0_0 .net "fin", 6 0, L_000001648b328cb0;  alias, 1 drivers
v000001648b2c9e40_0 .net "op1", 6 0, L_000001648b320460;  1 drivers
v000001648b2ca8e0_0 .net "op2", 6 0, L_000001648b321040;  1 drivers
v000001648b2c98a0_0 .net "sl", 0 0, L_000001648b3210e0;  1 drivers
v000001648b2cade0_0 .net "slnot", 0 0, L_000001648b328620;  1 drivers
v000001648b2ca2a0_0 .net "temp1", 6 0, L_000001648b328700;  1 drivers
v000001648b2c9a80_0 .net "temp3", 6 0, L_000001648b329030;  1 drivers
v000001648b2ca520_0 .net "temp4", 6 0, L_000001648b328690;  1 drivers
v000001648b2ca480_0 .net "temp5", 6 0, L_000001648b328fc0;  1 drivers
L_000001648b320fa0 .repeat 7, 7, L_000001648b3210e0;
L_000001648b3201e0 .repeat 7, 7, L_000001648b328620;
S_000001648b15e470 .scope module, "norm1" "norme" 3 29, 13 3 0, S_000001648b158c60;
 .timescale -9 -9;
    .port_info 0 /INPUT 4 "xe";
    .port_info 1 /INPUT 1 "so";
    .port_info 2 /OUTPUT 4 "ze";
v000001648b2cd8f0_0 .net "co", 0 0, L_000001648b32dfd0;  1 drivers
v000001648b2ce610_0 .net "cp", 0 0, L_000001648b32d8d0;  1 drivers
v000001648b2cdb70_0 .net "so", 0 0, L_000001648b3324e0;  1 drivers
v000001648b2cdc10_0 .net "t", 3 0, L_000001648b331f40;  1 drivers
v000001648b2cdd50_0 .net "xe", 3 0, L_000001648b2cfbf0;  alias, 1 drivers
v000001648b2cde90_0 .net "ze", 3 0, L_000001648b32e2e0;  alias, 1 drivers
S_000001648b16ece0 .scope module, "b1" "b4_2_1mux" 13 12, 14 3 0, S_000001648b15e470;
 .timescale -9 -9;
    .port_info 0 /OUTPUT 4 "ze";
    .port_info 1 /INPUT 4 "a";
    .port_info 2 /INPUT 4 "b";
    .port_info 3 /INPUT 1 "so";
L_000001648b32e0b0 .functor NOT 1, L_000001648b3324e0, C4<0>, C4<0>, C4<0>;
L_000001648b32dd30 .functor BUF 4, L_000001648b331fe0, C4<0000>, C4<0000>, C4<0000>;
L_000001648b32e430 .functor BUF 4, L_000001648b3315e0, C4<0000>, C4<0000>, C4<0000>;
L_000001648b32da20 .functor AND 4, L_000001648b331f40, L_000001648b32dd30, C4<1111>, C4<1111>;
L_000001648b32dbe0 .functor AND 4, L_000001648b2cfbf0, L_000001648b32e430, C4<1111>, C4<1111>;
L_000001648b32e2e0 .functor OR 4, L_000001648b32da20, L_000001648b32dbe0, C4<0000>, C4<0000>;
v000001648b2cac00_0 .net *"_ivl_2", 3 0, L_000001648b331fe0;  1 drivers
v000001648b2ca7a0_0 .net *"_ivl_4", 3 0, L_000001648b3315e0;  1 drivers
v000001648b2ca020_0 .net "a", 3 0, L_000001648b331f40;  alias, 1 drivers
v000001648b2ca160_0 .net "b", 3 0, L_000001648b2cfbf0;  alias, 1 drivers
v000001648b2ca840_0 .net "so", 0 0, L_000001648b3324e0;  alias, 1 drivers
v000001648b2c9f80_0 .net "t1", 3 0, L_000001648b32dd30;  1 drivers
v000001648b2c9ee0_0 .net "t2", 3 0, L_000001648b32e430;  1 drivers
v000001648b2cab60_0 .net "t3", 3 0, L_000001648b32da20;  1 drivers
v000001648b2ca0c0_0 .net "t4", 3 0, L_000001648b32dbe0;  1 drivers
v000001648b2ca660_0 .net "te1", 0 0, L_000001648b32e0b0;  1 drivers
v000001648b2ca200_0 .net "ze", 3 0, L_000001648b32e2e0;  alias, 1 drivers
L_000001648b331fe0 .repeat 4, 4, L_000001648b3324e0;
L_000001648b3315e0 .repeat 4, 4, L_000001648b32e0b0;
S_000001648b16ee70 .scope module, "c1" "CLA4" 13 11, 5 3 0, S_000001648b15e470;
 .timescale -9 -9;
    .port_info 0 /INPUT 4 "A";
    .port_info 1 /INPUT 4 "B";
    .port_info 2 /INPUT 1 "Ci";
    .port_info 3 /OUTPUT 4 "sum";
    .port_info 4 /OUTPUT 1 "Co";
    .port_info 5 /OUTPUT 1 "Cp";
L_000001648b328540 .functor AND 1, L_000001648b321180, L_000001648b321d60, C4<1>, C4<1>;
L_000001648b3287e0 .functor AND 1, L_000001648b321e00, L_000001648b321ea0, C4<1>, C4<1>;
L_000001648b32e580 .functor AND 1, L_000001648b321b80, L_000001648b321900, C4<1>, C4<1>;
L_000001648b32d780 .functor AND 1, L_000001648b321cc0, L_000001648b321fe0, C4<1>, C4<1>;
L_000001648b32db00 .functor XOR 1, L_000001648b3219a0, L_000001648b321a40, C4<0>, C4<0>;
L_000001648b32e660 .functor XOR 1, L_000001648b321ae0, L_000001648b321c20, C4<0>, C4<0>;
L_000001648b32d7f0 .functor XOR 1, L_000001648b332c60, L_000001648b331cc0, C4<0>, C4<0>;
L_000001648b32d940 .functor XOR 1, L_000001648b331e00, L_000001648b332580, C4<0>, C4<0>;
L_000001648b2d1478 .functor BUFT 1, C4<1>, C4<0>, C4<0>, C4<0>;
L_000001648b32e510 .functor BUF 1, L_000001648b2d1478, C4<0>, C4<0>, C4<0>;
L_000001648b32dda0 .functor AND 1, L_000001648b3312c0, L_000001648b3319a0, C4<1>, C4<1>;
L_000001648b32e5f0 .functor OR 1, L_000001648b331360, L_000001648b331b80, C4<0>, C4<0>;
L_000001648b32de10 .functor AND 1, L_000001648b331400, L_000001648b333480, C4<1>, C4<1>;
L_000001648b32da90 .functor OR 1, L_000001648b332a80, L_000001648b3328a0, C4<0>, C4<0>;
L_000001648b32d860 .functor AND 1, L_000001648b333200, L_000001648b331180, C4<1>, C4<1>;
L_000001648b32e040 .functor OR 1, L_000001648b332120, L_000001648b331540, C4<0>, C4<0>;
L_000001648b32e120 .functor AND 1, L_000001648b331c20, L_000001648b3333e0, C4<1>, C4<1>;
L_000001648b32dfd0 .functor OR 1, L_000001648b331d60, L_000001648b331220, C4<0>, C4<0>;
L_000001648b32d8d0 .functor BUF 1, L_000001648b3314a0, C4<0>, C4<0>, C4<0>;
L_000001648b32e200 .functor XOR 1, L_000001648b332440, L_000001648b331040, C4<0>, C4<0>;
L_000001648b32e4a0 .functor XOR 1, L_000001648b332bc0, L_000001648b331a40, C4<0>, C4<0>;
L_000001648b32d9b0 .functor XOR 1, L_000001648b331ae0, L_000001648b3310e0, C4<0>, C4<0>;
L_000001648b32db70 .functor XOR 1, L_000001648b333520, L_000001648b332800, C4<0>, C4<0>;
v000001648b2c9b20_0 .net "A", 3 0, L_000001648b2cfbf0;  alias, 1 drivers
L_000001648b2d1430 .functor BUFT 1, C4<0000>, C4<0>, C4<0>, C4<0>;
v000001648b2c9bc0_0 .net "B", 3 0, L_000001648b2d1430;  1 drivers
v000001648b2ca5c0_0 .net "Ci", 0 0, L_000001648b2d1478;  1 drivers
v000001648b2ca340_0 .net "Co", 0 0, L_000001648b32dfd0;  alias, 1 drivers
v000001648b2cae80_0 .net "Cp", 0 0, L_000001648b32d8d0;  alias, 1 drivers
v000001648b2c99e0_0 .net "G", 3 0, L_000001648b321f40;  1 drivers
v000001648b2ca980_0 .net "P", 3 0, L_000001648b332300;  1 drivers
v000001648b2c9c60_0 .net *"_ivl_1", 0 0, L_000001648b328540;  1 drivers
v000001648b2cad40_0 .net *"_ivl_101", 0 0, L_000001648b332120;  1 drivers
v000001648b2ca3e0_0 .net *"_ivl_103", 0 0, L_000001648b331540;  1 drivers
v000001648b2caf20_0 .net *"_ivl_105", 0 0, L_000001648b32e120;  1 drivers
v000001648b2c9d00_0 .net *"_ivl_109", 0 0, L_000001648b331c20;  1 drivers
v000001648b2c9940_0 .net *"_ivl_11", 0 0, L_000001648b321e00;  1 drivers
v000001648b2ca700_0 .net *"_ivl_111", 0 0, L_000001648b3333e0;  1 drivers
v000001648b2caa20_0 .net *"_ivl_114", 0 0, L_000001648b331d60;  1 drivers
v000001648b2caac0_0 .net *"_ivl_116", 0 0, L_000001648b331220;  1 drivers
v000001648b2caca0_0 .net *"_ivl_119", 0 0, L_000001648b3314a0;  1 drivers
v000001648b2c9da0_0 .net *"_ivl_121", 0 0, L_000001648b32e200;  1 drivers
v000001648b2cf1f0_0 .net *"_ivl_124", 0 0, L_000001648b332440;  1 drivers
v000001648b2cddf0_0 .net *"_ivl_126", 0 0, L_000001648b331040;  1 drivers
v000001648b2cebb0_0 .net *"_ivl_128", 0 0, L_000001648b32e4a0;  1 drivers
v000001648b2cd170_0 .net *"_ivl_13", 0 0, L_000001648b321ea0;  1 drivers
v000001648b2ce570_0 .net *"_ivl_131", 0 0, L_000001648b332bc0;  1 drivers
v000001648b2cf830_0 .net *"_ivl_133", 0 0, L_000001648b331a40;  1 drivers
v000001648b2cd0d0_0 .net *"_ivl_135", 0 0, L_000001648b32d9b0;  1 drivers
v000001648b2ce2f0_0 .net *"_ivl_138", 0 0, L_000001648b331ae0;  1 drivers
v000001648b2cd670_0 .net *"_ivl_140", 0 0, L_000001648b3310e0;  1 drivers
v000001648b2cda30_0 .net *"_ivl_142", 0 0, L_000001648b32db70;  1 drivers
v000001648b2ce1b0_0 .net *"_ivl_146", 0 0, L_000001648b333520;  1 drivers
v000001648b2cd3f0_0 .net *"_ivl_148", 0 0, L_000001648b332800;  1 drivers
v000001648b2cf510_0 .net *"_ivl_15", 0 0, L_000001648b32e580;  1 drivers
v000001648b2cdcb0_0 .net *"_ivl_18", 0 0, L_000001648b321b80;  1 drivers
v000001648b2ced90_0 .net *"_ivl_20", 0 0, L_000001648b321900;  1 drivers
v000001648b2ce390_0 .net *"_ivl_22", 0 0, L_000001648b32d780;  1 drivers
v000001648b2cf6f0_0 .net *"_ivl_26", 0 0, L_000001648b321cc0;  1 drivers
v000001648b2cf290_0 .net *"_ivl_28", 0 0, L_000001648b321fe0;  1 drivers
v000001648b2cf0b0_0 .net *"_ivl_30", 0 0, L_000001648b32db00;  1 drivers
v000001648b2ce9d0_0 .net *"_ivl_33", 0 0, L_000001648b3219a0;  1 drivers
v000001648b2cec50_0 .net *"_ivl_35", 0 0, L_000001648b321a40;  1 drivers
v000001648b2ce930_0 .net *"_ivl_37", 0 0, L_000001648b32e660;  1 drivers
v000001648b2cef70_0 .net *"_ivl_4", 0 0, L_000001648b321180;  1 drivers
v000001648b2cf330_0 .net *"_ivl_40", 0 0, L_000001648b321ae0;  1 drivers
v000001648b2ce430_0 .net *"_ivl_42", 0 0, L_000001648b321c20;  1 drivers
v000001648b2ce250_0 .net *"_ivl_44", 0 0, L_000001648b32d7f0;  1 drivers
v000001648b2cd5d0_0 .net *"_ivl_47", 0 0, L_000001648b332c60;  1 drivers
v000001648b2cd490_0 .net *"_ivl_49", 0 0, L_000001648b331cc0;  1 drivers
v000001648b2cf5b0_0 .net *"_ivl_51", 0 0, L_000001648b32d940;  1 drivers
v000001648b2cf650_0 .net *"_ivl_55", 0 0, L_000001648b331e00;  1 drivers
v000001648b2cd210_0 .net *"_ivl_57", 0 0, L_000001648b332580;  1 drivers
v000001648b2cea70_0 .net *"_ivl_59", 0 0, L_000001648b32e510;  1 drivers
v000001648b2cdad0_0 .net *"_ivl_6", 0 0, L_000001648b321d60;  1 drivers
v000001648b2cf790_0 .net *"_ivl_62", 0 0, L_000001648b32dda0;  1 drivers
v000001648b2cf3d0_0 .net *"_ivl_65", 0 0, L_000001648b3312c0;  1 drivers
v000001648b2cd2b0_0 .net *"_ivl_67", 0 0, L_000001648b3319a0;  1 drivers
v000001648b2ce070_0 .net *"_ivl_69", 0 0, L_000001648b32e5f0;  1 drivers
v000001648b2cd350_0 .net *"_ivl_72", 0 0, L_000001648b331360;  1 drivers
v000001648b2cd990_0 .net *"_ivl_74", 0 0, L_000001648b331b80;  1 drivers
v000001648b2ceed0_0 .net *"_ivl_76", 0 0, L_000001648b32de10;  1 drivers
v000001648b2cf470_0 .net *"_ivl_79", 0 0, L_000001648b331400;  1 drivers
v000001648b2cee30_0 .net *"_ivl_8", 0 0, L_000001648b3287e0;  1 drivers
v000001648b2cd530_0 .net *"_ivl_81", 0 0, L_000001648b333480;  1 drivers
v000001648b2ceb10_0 .net *"_ivl_83", 0 0, L_000001648b32da90;  1 drivers
v000001648b2cdfd0_0 .net *"_ivl_86", 0 0, L_000001648b332a80;  1 drivers
v000001648b2cecf0_0 .net *"_ivl_88", 0 0, L_000001648b3328a0;  1 drivers
v000001648b2cd710_0 .net *"_ivl_90", 0 0, L_000001648b32d860;  1 drivers
v000001648b2cd7b0_0 .net *"_ivl_93", 0 0, L_000001648b333200;  1 drivers
v000001648b2ce4d0_0 .net *"_ivl_95", 0 0, L_000001648b331180;  1 drivers
v000001648b2cd850_0 .net *"_ivl_97", 0 0, L_000001648b32e040;  1 drivers
v000001648b2cf010_0 .net "carry", 3 0, L_000001648b331ea0;  1 drivers
v000001648b2cf150_0 .net "sum", 3 0, L_000001648b331f40;  alias, 1 drivers
v000001648b2cdf30_0 .net "temp", 3 0, L_000001648b3323a0;  1 drivers
L_000001648b321180 .part L_000001648b2cfbf0, 0, 1;
L_000001648b321d60 .part L_000001648b2d1430, 0, 1;
L_000001648b321e00 .part L_000001648b2cfbf0, 1, 1;
L_000001648b321ea0 .part L_000001648b2d1430, 1, 1;
L_000001648b321b80 .part L_000001648b2cfbf0, 2, 1;
L_000001648b321900 .part L_000001648b2d1430, 2, 1;
L_000001648b321f40 .concat8 [ 1 1 1 1], L_000001648b328540, L_000001648b3287e0, L_000001648b32e580, L_000001648b32d780;
L_000001648b321cc0 .part L_000001648b2cfbf0, 3, 1;
L_000001648b321fe0 .part L_000001648b2d1430, 3, 1;
L_000001648b3219a0 .part L_000001648b2cfbf0, 0, 1;
L_000001648b321a40 .part L_000001648b2d1430, 0, 1;
L_000001648b321ae0 .part L_000001648b2cfbf0, 1, 1;
L_000001648b321c20 .part L_000001648b2d1430, 1, 1;
L_000001648b332c60 .part L_000001648b2cfbf0, 2, 1;
L_000001648b331cc0 .part L_000001648b2d1430, 2, 1;
L_000001648b332300 .concat8 [ 1 1 1 1], L_000001648b32db00, L_000001648b32e660, L_000001648b32d7f0, L_000001648b32d940;
L_000001648b331e00 .part L_000001648b2cfbf0, 3, 1;
L_000001648b332580 .part L_000001648b2d1430, 3, 1;
L_000001648b3312c0 .part L_000001648b332300, 0, 1;
L_000001648b3319a0 .part L_000001648b331ea0, 0, 1;
L_000001648b331360 .part L_000001648b321f40, 0, 1;
L_000001648b331b80 .part L_000001648b3323a0, 0, 1;
L_000001648b331400 .part L_000001648b332300, 1, 1;
L_000001648b333480 .part L_000001648b331ea0, 1, 1;
L_000001648b332a80 .part L_000001648b321f40, 1, 1;
L_000001648b3328a0 .part L_000001648b3323a0, 1, 1;
L_000001648b333200 .part L_000001648b332300, 2, 1;
L_000001648b331180 .part L_000001648b331ea0, 2, 1;
L_000001648b331ea0 .concat8 [ 1 1 1 1], L_000001648b32e510, L_000001648b32e5f0, L_000001648b32da90, L_000001648b32e040;
L_000001648b332120 .part L_000001648b321f40, 2, 1;
L_000001648b331540 .part L_000001648b3323a0, 2, 1;
L_000001648b3323a0 .concat8 [ 1 1 1 1], L_000001648b32dda0, L_000001648b32de10, L_000001648b32d860, L_000001648b32e120;
L_000001648b331c20 .part L_000001648b332300, 3, 1;
L_000001648b3333e0 .part L_000001648b331ea0, 3, 1;
L_000001648b331d60 .part L_000001648b321f40, 3, 1;
L_000001648b331220 .part L_000001648b3323a0, 3, 1;
L_000001648b3314a0 .part L_000001648b331ea0, 3, 1;
L_000001648b332440 .part L_000001648b332300, 0, 1;
L_000001648b331040 .part L_000001648b331ea0, 0, 1;
L_000001648b332bc0 .part L_000001648b332300, 1, 1;
L_000001648b331a40 .part L_000001648b331ea0, 1, 1;
L_000001648b331ae0 .part L_000001648b332300, 2, 1;
L_000001648b3310e0 .part L_000001648b331ea0, 2, 1;
L_000001648b331f40 .concat8 [ 1 1 1 1], L_000001648b32e200, L_000001648b32e4a0, L_000001648b32d9b0, L_000001648b32db70;
L_000001648b333520 .part L_000001648b332300, 3, 1;
L_000001648b332800 .part L_000001648b331ea0, 3, 1;
    .scope S_000001648b1ee770;
T_0 ;
    %vpi_call 2 9 "$dumpfile", "tb.vcd" {0 0 0};
    %vpi_call 2 10 "$dumpvars", 32'sb00000000000000000000000000000000, S_000001648b1ee770 {0 0 0};
    %pushi/vec4 1248, 0, 12;
    %store/vec4 v000001648b2cfb50_0, 0, 12;
    %pushi/vec4 1024, 0, 12;
    %store/vec4 v000001648b2d0730_0, 0, 12;
    %delay 20, 0;
    %pushi/vec4 1256, 0, 12;
    %store/vec4 v000001648b2cfb50_0, 0, 12;
    %pushi/vec4 1040, 0, 12;
    %store/vec4 v000001648b2d0730_0, 0, 12;
    %delay 20, 0;
    %pushi/vec4 1232, 0, 12;
    %store/vec4 v000001648b2cfb50_0, 0, 12;
    %pushi/vec4 896, 0, 12;
    %store/vec4 v000001648b2d0730_0, 0, 12;
    %delay 20, 0;
    %pushi/vec4 1216, 0, 12;
    %store/vec4 v000001648b2cfb50_0, 0, 12;
    %pushi/vec4 896, 0, 12;
    %store/vec4 v000001648b2d0730_0, 0, 12;
    %delay 20, 0;
    %pushi/vec4 1024, 0, 12;
    %store/vec4 v000001648b2cfb50_0, 0, 12;
    %pushi/vec4 896, 0, 12;
    %store/vec4 v000001648b2d0730_0, 0, 12;
    %delay 20, 0;
    %pushi/vec4 128, 0, 12;
    %store/vec4 v000001648b2d0730_0, 0, 12;
    %pushi/vec4 1536, 0, 12;
    %store/vec4 v000001648b2cfb50_0, 0, 12;
    %delay 20, 0;
    %vpi_call 2 24 "$display", "Test Completed" {0 0 0};
    %end;
    .thread T_0;
# The file index is used to find the file name in the following table.
:file_names 15;
    "N/A";
    "<interactive>";
    "testbench.v";
    "Floating_Point_Adder.v";
    "8_bit_add.v";
    "CLA_4bit_without_higher_order.v";
    "Mantissa_Alignment.v";
    "Barrel_Shifter.v";
    "8to1_mux.v";
    "2to1_mux.v";
    "Exponent_DIfference_Generator.v";
    "BLS_4bit.v";
    "7_bit_2_1_mux.v";
    "norm.v";
    "4bit_2-1mux.v";
